[2020-07-31 16:20:26] [INFO] --version:0.0.1 datalake--
[2020-07-31 16:20:26] [INFO] start fake employee data
[2020-07-31 16:20:31] [INFO] finish fake employee data
[2020-07-31 16:20:31] [INFO] start fake level_tree data
[2020-07-31 16:20:34] [INFO] finish fake level_tree data
[2020-07-31 16:20:34] [INFO] start fake warehouse data
[2020-07-31 16:20:34] [INFO] finish fake warehouse data
[2020-07-31 16:20:34] [INFO] start fake city data
[2020-07-31 16:20:34] [INFO] finish fake city data
[2020-07-31 16:20:34] [INFO] start fake product_view data
[2020-07-31 16:20:34] [INFO] finish fake product_view data
[2020-07-31 16:20:34] [INFO] start fake product_detial data
[2020-07-31 16:20:37] [INFO] finish fake product_detial data
[2020-07-31 16:20:37] [INFO] start fake sales data
[2020-07-31 16:20:39] [INFO] finish fake employee data
[2020-07-31 16:26:52] [INFO] --version:0.0.1 datalake--
[2020-07-31 16:26:52] [INFO] start fake employee data
[2020-07-31 16:26:56] [INFO] finish fake employee data
[2020-07-31 16:26:56] [INFO] start fake level_tree data
[2020-07-31 16:26:59] [INFO] finish fake level_tree data
[2020-07-31 16:26:59] [INFO] start fake warehouse data
[2020-07-31 16:26:59] [INFO] finish fake warehouse data
[2020-07-31 16:26:59] [INFO] start fake city data
[2020-07-31 16:26:59] [INFO] finish fake city data
[2020-07-31 16:26:59] [INFO] start fake customer_table data
