[2020-08-03 11:33:01] [INFO] --version:0.0.1 datalake--
[2020-08-03 11:33:01] [INFO] start fake employee data
[2020-08-03 11:33:04] [INFO] finish fake employee data
[2020-08-03 11:33:48] [INFO] --version:0.0.1 datalake--
[2020-08-03 11:33:48] [INFO] start fake employee data
[2020-08-03 11:33:51] [INFO] finish fake employee data
[2020-08-03 11:44:36] [INFO] --version:0.0.1 datalake--
[2020-08-03 11:44:54] [INFO] finish fake customer_table data
[2020-08-03 11:44:54] [INFO] start fake product_view data
[2020-08-03 11:44:54] [INFO] finish fake product_view data
[2020-08-03 11:44:54] [INFO] start fake product_detial data
[2020-08-03 11:45:04] [INFO] finish fake product_detial data
[2020-08-03 11:45:04] [INFO] start fake sales data
[2020-08-03 11:45:16] [INFO] finish fake employee data
[2020-08-03 12:10:58] [INFO] --version:0.0.1 datalake--
[2020-08-03 12:11:16] [INFO] Found credentials in shared credentials file: ~/.aws/credentials
[2020-08-03 12:11:17] [ERROR] An error occurred (IllegalLocationConstraintException) when calling the CreateBucket operation: The unspecified location constraint is incompatible for the region specific endpoint this request was sent to.
[2020-08-03 12:13:04] [INFO] --version:0.0.1 datalake--
[2020-08-03 12:13:23] [INFO] Found credentials in shared credentials file: ~/.aws/credentials
[2020-08-03 12:13:24] [ERROR] An error occurred (InvalidAccessKeyId) when calling the CreateBucket operation: The AWS Access Key Id you provided does not exist in our records.
